[00:06:35] [Server thread/INFO]: Luiing_Blue was slain by roloshp
[00:33:08] [Server thread/INFO]: [Not Secure] <Luiing_Blue> -234 84 181
[00:42:20] [Server thread/INFO]: Luiing_Blue lost connection: Disconnected
[00:42:20] [Server thread/INFO]: Luiing_Blue left the game
[00:42:37] [Server thread/INFO]: Luiing_Blue[/100.109.71.109:49405] logged in with entity id 29956 at (-66.30000001192093, 25.0, -333.30000001192093)
[00:42:37] [Server thread/INFO]: Luiing_Blue joined the game
[00:43:11] [Server thread/INFO]: Luiing_Blue has made the advancement [Isn't It Iron Pick]
[00:43:15] [Server thread/INFO]: Luiing_Blue has made the advancement [Suit Up]
[00:46:56] [Server thread/INFO]: roloshp lost connection: Timed out
[00:46:56] [Server thread/INFO]: roloshp left the game
[00:46:56] [Server thread/WARN]: handleDisconnection() called twice
[00:46:59] [Server thread/INFO]: Luiing_Blue has made the advancement [Diamonds!]
[00:48:17] [Server thread/INFO]: roloshp[/100.125.127.66:61041] logged in with entity id 31997 at (-213.37557533452704, 84.0, 181.08047849469594)
[00:48:17] [Server thread/INFO]: roloshp joined the game
[00:51:18] [Server thread/INFO]: Luiing_Blue has made the advancement [Hot Stuff]
[00:55:21] [Server thread/INFO]: Luiing_Blue lost connection: Disconnected
[00:55:21] [Server thread/INFO]: Luiing_Blue left the game
[00:55:46] [Server thread/INFO]: Luiing_Blue[/100.109.71.109:56076] logged in with entity id 34618 at (-79.69999998807907, 36.0, -333.66287701310085)
[00:55:46] [Server thread/INFO]: Luiing_Blue joined the game
[01:11:01] [Server thread/INFO]: [Not Secure] <roloshp> M
[01:13:11] [Server thread/INFO]: Luiing_Blue lost connection: Disconnected
[01:13:11] [Server thread/INFO]: Luiing_Blue left the game
[01:14:00] [Server thread/INFO]: Luiing_Blue[/100.109.71.109:56391] logged in with entity id 40161 at (-214.69999998807907, -16.0, -299.30000001192093)
[01:14:00] [Server thread/INFO]: Luiing_Blue joined the game
[01:18:13] [Server thread/INFO]: Luiing_Blue has made the advancement [Ice Bucket Challenge]
[01:23:16] [Server thread/INFO]: Luiing_Blue has made the advancement [Tactical Fishing]
[01:28:11] [Server thread/INFO]: roloshp has made the advancement [Monster Hunter]
[01:31:18] [Server thread/INFO]: roloshp was shot by Skeleton
[01:31:44] [Server thread/INFO]: Luiing_Blue lost connection: You logged in from another location
[01:31:44] [Server thread/INFO]: Luiing_Blue left the game
[01:31:45] [Server thread/INFO]: Luiing_Blue[/100.109.71.109:61368] logged in with entity id 47208 at (-212.56843966425836, 83.0, 163.15585848865626)
[01:31:45] [Server thread/INFO]: Luiing_Blue joined the game
[01:49:08] [Server thread/INFO]: Luiing_Blue has made the advancement [Cover Me with Diamonds]
[01:49:44] [Server thread/INFO]: roloshp has made the advancement [Cover Me with Diamonds]
[01:49:44] [Server thread/INFO]: roloshp has made the advancement [Suit Up]
[01:56:46] [Server thread/INFO]: Luiing_Blue lost connection: Disconnected
[01:56:46] [Server thread/INFO]: Luiing_Blue left the game
[01:56:47] [Server thread/INFO]: Luiing_Blue[/100.109.71.109:54589] logged in with entity id 52046 at (-225.37359912433945, 84.0, 177.5088819929415)
[01:56:47] [Server thread/INFO]: Connection closed during protocol change
[01:56:47] [Server thread/INFO]: Luiing_Blue joined the game
[01:56:47] [Server thread/INFO]: Luiing_Blue lost connection: Disconnected
[01:56:47] [Server thread/INFO]: Luiing_Blue left the game
[02:08:13] [Server thread/INFO]: roloshp fell from a high place
